
=== Fri Mar 15 22:49:04 2019

Packages were changed.
Update Mode: mergeDefaultDependencies

The following packages were added:
  com.unity.2d.tilemap@1.0.0
  com.unity.modules.androidjni@1.0.0
  com.unity.2d.sprite@1.0.0
The following packages were updated:
  com.unity.collab-proxy from version 1.2.9 to 1.2.16
  com.unity.package-manager-ui from version 0.0.0-builtin to 2.1.2
  com.unity.purchasing from version 2.0.1 to 2.0.5
  com.unity.timeline from version 0.0.0-builtin to 1.0.0

=== Sun Jul 12 20:18:01 2020

Packages were changed.
Update Mode: updateDependencies

The following packages were 已添加:
  com.unity.ide.rider@1.1.4
  com.unity.ide.vscode@1.2.1
The following packages were 已更新:
  com.unity.ads 从版本 2.0.8 到 3.4.5
  com.unity.analytics 从版本 3.2.2 到 3.3.5
  com.unity.purchasing 从版本 2.0.5 到 2.0.6
  com.unity.textmeshpro 从版本 1.3.0 到 2.0.1
  com.unity.timeline 从版本 1.0.0 到 1.2.6
The following packages were 已移除:
  com.unity.package-manager-ui@2.1.2
